<?xml version="1.0" encoding="UTF-8"?>
<testsuite xmlns:xsi="http://www.w3.org/2001/XMLSchema-instance" xsi:noNamespaceSchemaLocation="https://maven.apache.org/surefire/maven-surefire-plugin/xsd/surefire-test-report-3.0.xsd" version="3.0" name="com.doomsday.game.api.GameSessionControllerTest" time="43.877" tests="2" errors="0" skipped="0" failures="0">
  <properties>
[...]
</properties>
  <testcase name="shouldCreateSessionAndGetState" classname="com.doomsday.game.api.GameSessionControllerTest" time="15.908">
    <system-out><![CDATA[09:23:26.261 [main] INFO org.springframework.test.context.support.AnnotationConfigContextLoaderUtils -- Could not detect default configuration classes for test class [com.doomsday.game.api.GameSessionControllerTest]: GameSessionControllerTest does not declare any static, non-private, non-final, nested classes annotated with @Configuration.
09:23:28.492 [main] INFO org.springframework.boot.test.context.SpringBootTestContextBootstrapper -- Found @SpringBootConfiguration com.doomsday.game.DoomsdayGameApplication for test class com.doomsday.game.api.GameSessionControllerTest

  .   ____          _            __ _ _
 /\\ / ___'_ __ _ _(_)_ __  __ _ \ \ \ \
( ( )\___ | '_ | '_| | '_ \/ _` | \ \ \ \
 \\/  ___)| |_)| | | | | || (_| |  ) ) ) )
  '  |____| .__|_| |_|_| |_\__, | / / / /
 =========|_|==============|___/=/_/_/_/

 :: Spring Boot ::                (v3.3.5)

2026-05-01T09:23:36.485Z  INFO 147 --- [doomsday-backend] [           main] c.d.game.api.GameSessionControllerTest   : Starting GameSessionControllerTest using Java 17.0.15 with PID 147 (started by root in /workspace/backend)
2026-05-01T09:23:36.494Z  INFO 147 --- [doomsday-backend] [           main] c.d.game.api.GameSessionControllerTest   : No active profile set, falling back to 1 default profile: "default"
2026-05-01T09:23:51.083Z  INFO 147 --- [doomsday-backend] [           main] o.s.b.t.m.w.SpringBootMockServletContext : Initializing Spring TestDispatcherServlet ''
2026-05-01T09:23:51.084Z  INFO 147 --- [doomsday-backend] [           main] o.s.t.web.servlet.TestDispatcherServlet  : Initializing Servlet ''
2026-05-01T09:23:51.086Z  INFO 147 --- [doomsday-backend] [           main] o.s.t.web.servlet.TestDispatcherServlet  : Completed initialization in 1 ms
2026-05-01T09:23:51.148Z  INFO 147 --- [doomsday-backend] [           main] c.d.game.api.GameSessionControllerTest   : Started GameSessionControllerTest in 20.031 seconds (process running for 30.591)
]]></system-out>
  </testcase>
  <testcase name="shouldSubmitTurnAndReturnFixed4Options" classname="com.doomsday.game.api.GameSessionControllerTest" time="0.68"/>
</testsuite>